
 : b'adsf joined!'
 : b'adsf: asdf'
b'asdf joined!'
b'asdf: asdf'
b'asdf: asdf'
b'asdf: asdf'
b'asdf: asdf'
b'asdf: asdf'
b'asdf: asdf'
b'asdf: asdf'
b'asdf: asdf'
b'asdf: asdf'
b'asdf: asdfasdf: asdf'
b'asdf: asdf'
b'asdf: asdf'
b'asdf: asdf'
b'asdf: asdf'b'asdf joined!'
b'asdf: asdf'
b'asdf: asdf'
b'asdf: asdf'
b'asdf: asdf'
b'asdf: asdf'
b'asdf: asdf'
b'asdf: asdf'
b'asdf: asdf'
b'asdf: asdf'
b'asdf: asdf'
b'asdf: asdf'
b'asdf: awceaepwcnae'
b'potato_master joined!'
b'retard joined!'
b'retard joined!'
b'retard: hey man'
b'retard: hey man'
b'potato_master: yo retrd'
b'potato_master: yo retrd'
b'retard: hehe'
b'retard: hehe'
b'potato_master: lol'
b'potato_master: lol'
b'retard: hhh!!!!'
b'retard: hhh!!!!'
b'retard: ok'
b'retard: ok'
b'potato_master: :)'
b'potato_master: :)'
b'retard left!'
